{
  "RSpec": {
    "coverage": {
      "/Users/Ken/Projects/week4/app/app.rb": [
        1,
        null,
        1,
        1,
        null,
        1,
        null,
        1,
        1,
        null,
        1,
        0,
        null,
        null,
        1,
        7,
        7,
        null,
        null,
        1,
        4,
        4,
        4,
        null,
        4,
        4,
        null,
        null,
        1,
        4,
        null,
        null,
        null,
        1,
        1,
        1,
        1,
        null,
        null,
        1,
        2,
        null,
        null,
        1,
        2,
        null,
        null,
        2,
        2,
        null,
        null,
        1,
        1,
        15,
        null,
        null,
        null,
        1,
        null
      ],
      "/Users/Ken/Projects/week4/app/data_mapper_setup.rb": [
        1,
        1,
        null,
        1,
        1,
        1,
        null,
        1,
        1,
        1
      ],
      "/Users/Ken/Projects/week4/app/models/user.rb": [
        1,
        null,
        1,
        null,
        null,
        1,
        null,
        1,
        1,
        1,
        null,
        1,
        2,
        2,
        null,
        null,
        1,
        1,
        1,
        null
      ],
      "/Users/Ken/Projects/week4/spec/features/add_tags_spec.rb": [
        1,
        null,
        1,
        1,
        1,
        1,
        1,
        1,
        1,
        1,
        null,
        null
      ],
      "/Users/Ken/Projects/week4/spec/features/creating_links_spec.rb": [
        1,
        null,
        1,
        1,
        1,
        1,
        1,
        1,
        1,
        null,
        null
      ],
      "/Users/Ken/Projects/week4/spec/features/filter_links_spec.rb": [
        1,
        1,
        null,
        1,
        1,
        1,
        1,
        1,
        1,
        1,
        1,
        1,
        null,
        null
      ],
      "/Users/Ken/Projects/week4/spec/features/see_links_spec.rb": [
        1,
        null,
        1,
        1,
        null,
        1,
        1,
        1,
        null,
        null
      ],
      "/Users/Ken/Projects/week4/spec/features/signup_spec.rb": [
        1,
        null,
        1,
        1,
        2,
        1,
        1,
        null,
        null,
        1,
        null,
        null,
        null,
        2,
        null,
        null,
        null
      ]
    },
    "timestamp": 1477053108
  }
}
